2025-03-22T07:32:17.272Z error: TypeError [ERR_INVALID_ARG_TYPE]: The "string" argument must be of type string or an instance of Buffer or ArrayBuffer. Received an instance of Object
    at new NodeError (node:internal/errors:405:5)
    at Function.byteLength (node:buffer:787:11)
    at Writer.addCString (C:\Users\siuol\OneDrive\Documents\mn_school_db_v2\node_modules\pg-protocol\src\buffer-writer.ts:43:24)
    at Object.startup (C:\Users\siuol\OneDrive\Documents\mn_school_db_v2\node_modules\pg-protocol\src\serializer.ts:25:28)
    at Connection.startup (C:\Users\siuol\OneDrive\Documents\mn_school_db_v2\node_modules\pg\lib\connection.js:125:33)
    at Connection.<anonymous> (C:\Users\siuol\OneDrive\Documents\mn_school_db_v2\node_modules\pg\lib\client.js:125:13)
    at Connection.emit (node:events:517:28)
    at Connection.emit (node:domain:489:12)
    at Socket.<anonymous> (C:\Users\siuol\OneDrive\Documents\mn_school_db_v2\node_modules\pg\lib\connection.js:49:12)
    at Object.onceWrapper (node:events:631:28)
2025-04-10T05:25:15.853Z error: Error: listen EADDRINUSE: address already in use :::3001
    at Server.setupListenHandle [as _listen2] (node:net:1817:16)
    at listenInCluster (node:net:1865:12)
    at Server.listen (node:net:1953:7)
    at Function.listen (C:\Users\siuol\OneDrive\Documents\mn_school_db_v2\node_modules\express\lib\application.js:635:24)
    at startServer (C:\Users\siuol\OneDrive\Documents\mn_school_db_v2\src\server.ts:330:11)
    at processTicksAndRejections (node:internal/process/task_queues:95:5)
2025-04-10T05:31:23.034Z error: Error: listen EADDRINUSE: address already in use :::3001
    at Server.setupListenHandle [as _listen2] (node:net:1817:16)
    at listenInCluster (node:net:1865:12)
    at Server.listen (node:net:1953:7)
    at Function.listen (C:\Users\siuol\OneDrive\Documents\mn_school_db_v2\node_modules\express\lib\application.js:635:24)
    at startServer (C:\Users\siuol\OneDrive\Documents\mn_school_db_v2\src\server.ts:330:11)
    at processTicksAndRejections (node:internal/process/task_queues:95:5)
